<?xml version="1.0" encoding="UTF-8"?>
<!-- Generated by org.testng.reporters.JUnitReportReporter -->
<testsuite hostname="IN-PG02NMY9" failures="0" tests="1" name="jenkinsMavenIntegration.SampleTestCase" time="8.628" errors="0" timestamp="2023-10-02T19:35:56 IST" skipped="0">
  <testcase classname="jenkinsMavenIntegration.SampleTestCase" name="lauchBrowser" time="8.628"/>
  <system-out/>
</testsuite> <!-- jenkinsMavenIntegration.SampleTestCase -->
